<?xml version="1.0" encoding="UTF-8"?>
<!-- Generated by org.testng.reporters.JUnitXMLReporter -->
<testsuite hostname="KT-Gopal" ignored="3" name="Test" tests="5" failures="1" timestamp="01 Mar 2018 11:19:59 GMT" time="318.783" errors="0">
  <testcase name="To_Verify_Create_RPO_with_Partial_Status" time="82.582" classname="TestCases.Reverse_PO_Page_Test">
    <skipped/>
  </testcase> <!-- To_Verify_Create_RPO_with_Partial_Status -->
  <testcase name="To_Verify_Create_RPO_with_Partial_Status" time="79.076" classname="TestCases.Reverse_PO_Page_Test">
    <skipped/>
  </testcase> <!-- To_Verify_Create_RPO_with_Partial_Status -->
  <testcase name="To_Verify_Create_RPO_with_Partial_Status" time="77.889" classname="TestCases.Reverse_PO_Page_Test">
    <failure type="org.openqa.selenium.TimeoutException" message="Expected condition failed: waiting for element to be clickable: [[ChromeDriver: chrome on XP (278d59ecaf8010fd919c0d7cdb8e54a7)] -&amp;gt; xpath: //div[@id=&amp;apos;po_serial_number&amp;apos;]//button[contains(text(),&amp;apos;Save&amp;apos;)]] (tried for 30 second(s) with 500 MILLISECONDS interval)
Build info: version: &amp;apos;3.5.3&amp;apos;, revision: &amp;apos;a88d25fe6b&amp;apos;, time: &amp;apos;2017-08-29T12:42:44.417Z&amp;apos;
System info: host: &amp;apos;KT-GOPAL&amp;apos;, ip: &amp;apos;192.168.56.1&amp;apos;, os.name: &amp;apos;Windows 10&amp;apos;, os.arch: &amp;apos;amd64&amp;apos;, os.version: &amp;apos;10.0&amp;apos;, java.version: &amp;apos;1.8.0_151&amp;apos;
Driver info: org.openqa.selenium.chrome.ChromeDriver
Capabilities [{mobileEmulationEnabled=false, hasTouchScreen=false, platform=XP, acceptSslCerts=true, webStorageEnabled=true, browserName=chrome, takesScreenshot=true, javascriptEnabled=true, platformName=XP, setWindowRect=true, unexpectedAlertBehaviour=, applicationCacheEnabled=false, rotatable=false, networkConnectionEnabled=false, chrome={chromedriverVersion=2.34.522940 (1a76f96f66e3ca7b8e57d503b4dd3bccfba87af1), userDataDir=C:\Users\kt-gopal\AppData\Local\Temp\scoped_dir9648_11692}, takesHeapSnapshot=true, pageLoadStrategy=normal, unhandledPromptBehavior=, databaseEnabled=false, handlesAlerts=true, version=64.0.3282.186, browserConnectionEnabled=false, nativeEvents=true, locationContextEnabled=true, cssSelectorsEnabled=true}]
Session ID: 278d59ecaf8010fd919c0d7cdb8e54a7">
      <![CDATA[org.openqa.selenium.TimeoutException: Expected condition failed: waiting for element to be clickable: [[ChromeDriver: chrome on XP (278d59ecaf8010fd919c0d7cdb8e54a7)] -> xpath: //div[@id='po_serial_number']//button[contains(text(),'Save')]] (tried for 30 second(s) with 500 MILLISECONDS interval)
Build info: version: '3.5.3', revision: 'a88d25fe6b', time: '2017-08-29T12:42:44.417Z'
System info: host: 'KT-GOPAL', ip: '192.168.56.1', os.name: 'Windows 10', os.arch: 'amd64', os.version: '10.0', java.version: '1.8.0_151'
Driver info: org.openqa.selenium.chrome.ChromeDriver
Capabilities [{mobileEmulationEnabled=false, hasTouchScreen=false, platform=XP, acceptSslCerts=true, webStorageEnabled=true, browserName=chrome, takesScreenshot=true, javascriptEnabled=true, platformName=XP, setWindowRect=true, unexpectedAlertBehaviour=, applicationCacheEnabled=false, rotatable=false, networkConnectionEnabled=false, chrome={chromedriverVersion=2.34.522940 (1a76f96f66e3ca7b8e57d503b4dd3bccfba87af1), userDataDir=C:\Users\kt-gopal\AppData\Local\Temp\scoped_dir9648_11692}, takesHeapSnapshot=true, pageLoadStrategy=normal, unhandledPromptBehavior=, databaseEnabled=false, handlesAlerts=true, version=64.0.3282.186, browserConnectionEnabled=false, nativeEvents=true, locationContextEnabled=true, cssSelectorsEnabled=true}]
Session ID: 278d59ecaf8010fd919c0d7cdb8e54a7
	at org.openqa.selenium.support.ui.WebDriverWait.timeoutException(WebDriverWait.java:80)
	at org.openqa.selenium.support.ui.FluentWait.until(FluentWait.java:232)
	at TestBase.TestBase.waitUntilElementClickable(TestBase.java:77)
	at Pages.Reverse_PO_Page.Create_PO_Partial(Reverse_PO_Page.java:421)
	at TestCases.Reverse_PO_Page_Test.To_Verify_Create_RPO_with_Partial_Status(Reverse_PO_Page_Test.java:127)
... Removed 25 stack frames]]>
    </failure>
  </testcase> <!-- To_Verify_Create_RPO_with_Partial_Status -->
  <testcase name="To_Verify_PO_Partial_Status_AND_LOGs" time="0.0" classname="TestCases.Manage_Purchase_Orders_Test">
    <skipped/>
  </testcase> <!-- To_Verify_PO_Partial_Status_AND_LOGs -->
  <testcase name="To_verify_Part_stock_Logs" time="0.0" classname="TestCases.Product_Page_Test_For_Reverse_PO_Product">
    <skipped/>
  </testcase> <!-- To_verify_Part_stock_Logs -->
  <testcase name="To_Verify_Change_Vendor_AND_PARTDOEST_EXIT" time="0.0" classname="TestCases.Reverse_PO_Page_Test">
    <ignored/>
  </testcase> <!-- To_Verify_Change_Vendor_AND_PARTDOEST_EXIT -->
  <testcase name="To_Verify_PO_Closed_Status_AND_LOGs" time="0.0" classname="TestCases.Manage_Purchase_Orders_Test">
    <ignored/>
  </testcase> <!-- To_Verify_PO_Closed_Status_AND_LOGs -->
  <testcase name="To_Verify_Create_RPO_With_Closed_Status" time="0.0" classname="TestCases.Reverse_PO_Page_Test">
    <ignored/>
  </testcase> <!-- To_Verify_Create_RPO_With_Closed_Status -->
</testsuite> <!-- Test -->
