<!DOCTYPE html>

<html>
  <head>
  <meta charset='utf-8'>
  <title>TestNG reports</title>

    <link type="text/css" href="testng-reports.css" rel="stylesheet" />
    <script type="text/javascript" src="jquery-1.7.1.min.js"></script>
    <script type="text/javascript" src="testng-reports.js"></script>
    <script type="text/javascript" src="https://www.google.com/jsapi"></script>
    <script type='text/javascript'>
      google.load('visualization', '1', {packages:['table']});
      google.setOnLoadCallback(drawTable);
      var suiteTableInitFunctions = new Array();
      var suiteTableData = new Array();
    </script>
    <!--
      <script type="text/javascript" src="jquery-ui/js/jquery-ui-1.8.16.custom.min.js"></script>
     -->
  </head>

  <body>
    <div class="top-banner-root">
      <span class="top-banner-title-font">Test results</span>
      <br/>
      <span class="top-banner-font-1">1 suite, 1 failed test</span>
    </div> <!-- top-banner-root -->
    <div class="navigator-root">
      <div class="navigator-suite-header">
        <span>All suites</span>
        <a href="#" class="collapse-all-link" title="Collapse/expand all the suites">
          <img class="collapse-all-icon" src="collapseall.gif">
          </img> <!-- collapse-all-icon -->
        </a> <!-- collapse-all-link -->
      </div> <!-- navigator-suite-header -->
      <div class="suite">
        <div class="rounded-window">
          <div class="suite-header light-rounded-window-top">
            <a href="#" class="navigator-link" panel-name="suite-Suite">
              <span class="suite-name border-failed">Suite</span>
            </a> <!-- navigator-link -->
          </div> <!-- suite-header light-rounded-window-top -->
          <div class="navigator-suite-content">
            <div class="suite-section-title">
              <span>Info</span>
            </div> <!-- suite-section-title -->
            <div class="suite-section-content">
              <ul>
                <li>
                  <a href="#" class="navigator-link " panel-name="test-xml-Suite">
                    <span>C:\Users\kt-gopal\eclipse-workspace\DSXPROJECT\RegressionSuit1.xml</span>
                  </a> <!-- navigator-link  -->
                </li>
                <li>
                  <a href="#" class="navigator-link " panel-name="testlist-Suite">
                    <span class="test-stats">1 test</span>
                  </a> <!-- navigator-link  -->
                </li>
                <li>
                  <a href="#" class="navigator-link " panel-name="group-Suite">
                    <span>0 groups</span>
                  </a> <!-- navigator-link  -->
                </li>
                <li>
                  <a href="#" class="navigator-link " panel-name="times-Suite">
                    <span>Times</span>
                  </a> <!-- navigator-link  -->
                </li>
                <li>
                  <a href="#" class="navigator-link " panel-name="reporter-Suite">
                    <span>Reporter output</span>
                  </a> <!-- navigator-link  -->
                </li>
                <li>
                  <a href="#" class="navigator-link " panel-name="ignored-methods-Suite">
                    <span>Ignored methods</span>
                  </a> <!-- navigator-link  -->
                </li>
                <li>
                  <a href="#" class="navigator-link " panel-name="chronological-Suite">
                    <span>Chronological view</span>
                  </a> <!-- navigator-link  -->
                </li>
              </ul>
            </div> <!-- suite-section-content -->
            <div class="result-section">
              <div class="suite-section-title">
                <span>Results</span>
              </div> <!-- suite-section-title -->
              <div class="suite-section-content">
                <ul>
                  <li>
                    <span class="method-stats">5 methods, 1 failed,  4 skipped,  </span>
                  </li>
                  <li>
                    <span class="method-list-title failed">Failed methods</span>
                    <span class="show-or-hide-methods failed">
                      <a href="#" panel-name="suite-Suite" class="hide-methods failed suite-Suite"> (hide)</a> <!-- hide-methods failed suite-Suite -->
                      <a href="#" panel-name="suite-Suite" class="show-methods failed suite-Suite"> (show)</a> <!-- show-methods failed suite-Suite -->
                    </span>
                    <div class="method-list-content failed suite-Suite">
                      <span>
                        <img width="3%" src="failed.png"/>
                        <a href="#" class="method navigator-link" panel-name="suite-Suite" title="TestCases.Reverse_PO_Page_Test" hash-for-method="To_Verify_Create_RPO_with_Partial_Status(5, 3, DS3589, DS3588, DS3587, DS3586, DS3585, DS3584, DS3513, s5687, s5688, s5689, s5690, s5691)">To_Verify_Create_RPO_with_Partial_Status(5, 3, DS3589, DS3588, DS3587, DS3586, DS3585, DS3584, DS3513, s5687, s5688, s5689, s5690, s5691)</a> <!-- method navigator-link -->
                      </span>
                      <br/>
                    </div> <!-- method-list-content failed suite-Suite -->
                  </li>
                  <li>
                    <span class="method-list-title skipped">Skipped methods</span>
                    <span class="show-or-hide-methods skipped">
                      <a href="#" panel-name="suite-Suite" class="hide-methods skipped suite-Suite"> (hide)</a> <!-- hide-methods skipped suite-Suite -->
                      <a href="#" panel-name="suite-Suite" class="show-methods skipped suite-Suite"> (show)</a> <!-- show-methods skipped suite-Suite -->
                    </span>
                    <div class="method-list-content skipped suite-Suite">
                      <span>
                        <img width="3%" src="skipped.png"/>
                        <a href="#" class="method navigator-link" panel-name="suite-Suite" title="TestCases.Reverse_PO_Page_Test" hash-for-method="To_Verify_Create_RPO_with_Partial_Status(5, 3, DS3589, DS3588, DS3587, DS3586, DS3585, DS3584, DS3513, s5687, s5688, s5689, s5690, s5691)">To_Verify_Create_RPO_with_Partial_Status(5, 3, DS3589, DS3588, DS3587, DS3586, DS3585, DS3584, DS3513, s5687, s5688, s5689, s5690, s5691)</a> <!-- method navigator-link -->
                      </span>
                      <br/>
                      <span>
                        <img width="3%" src="skipped.png"/>
                        <a href="#" class="method navigator-link" panel-name="suite-Suite" title="TestCases.Reverse_PO_Page_Test" hash-for-method="To_Verify_Create_RPO_with_Partial_Status(5, 3, DS3589, DS3588, DS3587, DS3586, DS3585, DS3584, DS3513, s5687, s5688, s5689, s5690, s5691)">To_Verify_Create_RPO_with_Partial_Status(5, 3, DS3589, DS3588, DS3587, DS3586, DS3585, DS3584, DS3513, s5687, s5688, s5689, s5690, s5691)</a> <!-- method navigator-link -->
                      </span>
                      <br/>
                      <span>
                        <img width="3%" src="skipped.png"/>
                        <a href="#" class="method navigator-link" panel-name="suite-Suite" title="TestCases.Manage_Purchase_Orders_Test" hash-for-method="To_Verify_PO_Partial_Status_AND_LOGs">To_Verify_PO_Partial_Status_AND_LOGs</a> <!-- method navigator-link -->
                      </span>
                      <br/>
                      <span>
                        <img width="3%" src="skipped.png"/>
                        <a href="#" class="method navigator-link" panel-name="suite-Suite" title="TestCases.Product_Page_Test_For_Reverse_PO_Product" hash-for-method="To_verify_Part_stock_Logs">To_verify_Part_stock_Logs</a> <!-- method navigator-link -->
                      </span>
                      <br/>
                    </div> <!-- method-list-content skipped suite-Suite -->
                  </li>
                </ul>
              </div> <!-- suite-section-content -->
            </div> <!-- result-section -->
          </div> <!-- navigator-suite-content -->
        </div> <!-- rounded-window -->
      </div> <!-- suite -->
    </div> <!-- navigator-root -->
    <div class="wrapper">
      <div class="main-panel-root">
        <div panel-name="suite-Suite" class="panel Suite">
          <div class="suite-Suite-class-failed">
            <div class="main-panel-header rounded-window-top">
              <img src="failed.png"/>
              <span class="class-name">TestCases.Reverse_PO_Page_Test</span>
            </div> <!-- main-panel-header rounded-window-top -->
            <div class="main-panel-content rounded-window-bottom">
              <div class="method">
                <div class="method-content">
                  <a name="To_Verify_Create_RPO_with_Partial_Status(5, 3, DS3589, DS3588, DS3587, DS3586, DS3585, DS3584, DS3513, s5687, s5688, s5689, s5690, s5691)">
                  </a> <!-- To_Verify_Create_RPO_with_Partial_Status(5, 3, DS3589, DS3588, DS3587, DS3586, DS3585, DS3584, DS3513, s5687, s5688, s5689, s5690, s5691) -->
                  <span class="method-name">To_Verify_Create_RPO_with_Partial_Status</span>
                  <span class="parameters">(5, 3, DS3589, DS3588, DS3587, DS3586, DS3585, DS3584, DS3513, s5687, s5688, s5689, s5690, s5691)</span>
                  <div class="stack-trace">org.openqa.selenium.TimeoutException: Expected condition failed: waiting for element to be clickable: [[ChromeDriver: chrome on XP (278d59ecaf8010fd919c0d7cdb8e54a7)] -&gt; xpath: //div[@id=&apos;po_serial_number&apos;]//button[contains(text(),&apos;Save&apos;)]] (tried for 30 second(s) with 500 MILLISECONDS interval)
Build info: version: &apos;3.5.3&apos;, revision: &apos;a88d25fe6b&apos;, time: &apos;2017-08-29T12:42:44.417Z&apos;
System info: host: &apos;KT-GOPAL&apos;, ip: &apos;192.168.56.1&apos;, os.name: &apos;Windows 10&apos;, os.arch: &apos;amd64&apos;, os.version: &apos;10.0&apos;, java.version: &apos;1.8.0_151&apos;
Driver info: org.openqa.selenium.chrome.ChromeDriver
Capabilities [{mobileEmulationEnabled=false, hasTouchScreen=false, platform=XP, acceptSslCerts=true, webStorageEnabled=true, browserName=chrome, takesScreenshot=true, javascriptEnabled=true, platformName=XP, setWindowRect=true, unexpectedAlertBehaviour=, applicationCacheEnabled=false, rotatable=false, networkConnectionEnabled=false, chrome={chromedriverVersion=2.34.522940 (1a76f96f66e3ca7b8e57d503b4dd3bccfba87af1), userDataDir=C:\Users\kt-gopal\AppData\Local\Temp\scoped_dir9648_11692}, takesHeapSnapshot=true, pageLoadStrategy=normal, unhandledPromptBehavior=, databaseEnabled=false, handlesAlerts=true, version=64.0.3282.186, browserConnectionEnabled=false, nativeEvents=true, locationContextEnabled=true, cssSelectorsEnabled=true}]
Session ID: 278d59ecaf8010fd919c0d7cdb8e54a7
	at org.openqa.selenium.support.ui.WebDriverWait.timeoutException(WebDriverWait.java:80)
	at org.openqa.selenium.support.ui.FluentWait.until(FluentWait.java:232)
	at TestBase.TestBase.waitUntilElementClickable(TestBase.java:77)
	at Pages.Reverse_PO_Page.Create_PO_Partial(Reverse_PO_Page.java:421)
	at TestCases.Reverse_PO_Page_Test.To_Verify_Create_RPO_with_Partial_Status(Reverse_PO_Page_Test.java:127)
... Removed 25 stack frames
</div> <!-- stack-trace -->
                </div> <!-- method-content -->
              </div> <!-- method -->
            </div> <!-- main-panel-content rounded-window-bottom -->
          </div> <!-- suite-Suite-class-failed -->
          <div class="suite-Suite-class-skipped">
            <div class="main-panel-header rounded-window-top">
              <img src="skipped.png"/>
              <span class="class-name">TestCases.Product_Page_Test_For_Reverse_PO_Product</span>
            </div> <!-- main-panel-header rounded-window-top -->
            <div class="main-panel-content rounded-window-bottom">
              <div class="method">
                <div class="method-content">
                  <a name="To_verify_Part_stock_Logs">
                  </a> <!-- To_verify_Part_stock_Logs -->
                  <span class="method-name">To_verify_Part_stock_Logs</span>
                  <div class="stack-trace">java.lang.Throwable: Method Product_Page_Test_For_Reverse_PO_Product.To_verify_Part_stock_Logs(java.lang.String)[pri:0, instance:TestCases.Product_Page_Test_For_Reverse_PO_Product@3f49dace] depends on not successfully finished methods
... Removed 18 stack frames
</div> <!-- stack-trace -->
                </div> <!-- method-content -->
              </div> <!-- method -->
            </div> <!-- main-panel-content rounded-window-bottom -->
          </div> <!-- suite-Suite-class-skipped -->
          <div class="suite-Suite-class-skipped">
            <div class="main-panel-header rounded-window-top">
              <img src="skipped.png"/>
              <span class="class-name">TestCases.Reverse_PO_Page_Test</span>
            </div> <!-- main-panel-header rounded-window-top -->
            <div class="main-panel-content rounded-window-bottom">
              <div class="method">
                <div class="method-content">
                  <a name="To_Verify_Create_RPO_with_Partial_Status(5, 3, DS3589, DS3588, DS3587, DS3586, DS3585, DS3584, DS3513, s5687, s5688, s5689, s5690, s5691)">
                  </a> <!-- To_Verify_Create_RPO_with_Partial_Status(5, 3, DS3589, DS3588, DS3587, DS3586, DS3585, DS3584, DS3513, s5687, s5688, s5689, s5690, s5691) -->
                  <span class="method-name">To_Verify_Create_RPO_with_Partial_Status</span>
                  <span class="parameters">(5, 3, DS3589, DS3588, DS3587, DS3586, DS3585, DS3584, DS3513, s5687, s5688, s5689, s5690, s5691)</span>
                  <div class="stack-trace">org.openqa.selenium.TimeoutException: Expected condition failed: waiting for element to be clickable: [[ChromeDriver: chrome on XP (6abc0a3b2f654dc0ad2d8777ebaa3d8f)] -&gt; xpath: //div[@id=&apos;po_serial_number&apos;]//button[contains(text(),&apos;Save&apos;)]] (tried for 30 second(s) with 500 MILLISECONDS interval)
Build info: version: &apos;3.5.3&apos;, revision: &apos;a88d25fe6b&apos;, time: &apos;2017-08-29T12:42:44.417Z&apos;
System info: host: &apos;KT-GOPAL&apos;, ip: &apos;192.168.56.1&apos;, os.name: &apos;Windows 10&apos;, os.arch: &apos;amd64&apos;, os.version: &apos;10.0&apos;, java.version: &apos;1.8.0_151&apos;
Driver info: org.openqa.selenium.chrome.ChromeDriver
Capabilities [{mobileEmulationEnabled=false, hasTouchScreen=false, platform=XP, acceptSslCerts=true, webStorageEnabled=true, browserName=chrome, takesScreenshot=true, javascriptEnabled=true, platformName=XP, setWindowRect=true, unexpectedAlertBehaviour=, applicationCacheEnabled=false, rotatable=false, networkConnectionEnabled=false, chrome={chromedriverVersion=2.34.522940 (1a76f96f66e3ca7b8e57d503b4dd3bccfba87af1), userDataDir=C:\Users\kt-gopal\AppData\Local\Temp\scoped_dir9236_27464}, takesHeapSnapshot=true, pageLoadStrategy=normal, unhandledPromptBehavior=, databaseEnabled=false, handlesAlerts=true, version=64.0.3282.186, browserConnectionEnabled=false, nativeEvents=true, locationContextEnabled=true, cssSelectorsEnabled=true}]
Session ID: 6abc0a3b2f654dc0ad2d8777ebaa3d8f
	at org.openqa.selenium.support.ui.WebDriverWait.timeoutException(WebDriverWait.java:80)
	at org.openqa.selenium.support.ui.FluentWait.until(FluentWait.java:232)
	at TestBase.TestBase.waitUntilElementClickable(TestBase.java:77)
	at Pages.Reverse_PO_Page.Create_PO_Partial(Reverse_PO_Page.java:421)
	at TestCases.Reverse_PO_Page_Test.To_Verify_Create_RPO_with_Partial_Status(Reverse_PO_Page_Test.java:127)
... Removed 25 stack frames
</div> <!-- stack-trace -->
                </div> <!-- method-content -->
              </div> <!-- method -->
              <div class="method">
                <div class="method-content">
                  <a name="To_Verify_Create_RPO_with_Partial_Status(5, 3, DS3589, DS3588, DS3587, DS3586, DS3585, DS3584, DS3513, s5687, s5688, s5689, s5690, s5691)">
                  </a> <!-- To_Verify_Create_RPO_with_Partial_Status(5, 3, DS3589, DS3588, DS3587, DS3586, DS3585, DS3584, DS3513, s5687, s5688, s5689, s5690, s5691) -->
                  <span class="method-name">To_Verify_Create_RPO_with_Partial_Status</span>
                  <span class="parameters">(5, 3, DS3589, DS3588, DS3587, DS3586, DS3585, DS3584, DS3513, s5687, s5688, s5689, s5690, s5691)</span>
                  <div class="stack-trace">org.openqa.selenium.TimeoutException: Expected condition failed: waiting for element to be clickable: [[ChromeDriver: chrome on XP (f298e75f723f04a2807b902133306af2)] -&gt; xpath: //div[@id=&apos;po_serial_number&apos;]//button[contains(text(),&apos;Save&apos;)]] (tried for 30 second(s) with 500 MILLISECONDS interval)
Build info: version: &apos;3.5.3&apos;, revision: &apos;a88d25fe6b&apos;, time: &apos;2017-08-29T12:42:44.417Z&apos;
System info: host: &apos;KT-GOPAL&apos;, ip: &apos;192.168.56.1&apos;, os.name: &apos;Windows 10&apos;, os.arch: &apos;amd64&apos;, os.version: &apos;10.0&apos;, java.version: &apos;1.8.0_151&apos;
Driver info: org.openqa.selenium.chrome.ChromeDriver
Capabilities [{mobileEmulationEnabled=false, hasTouchScreen=false, platform=XP, acceptSslCerts=true, webStorageEnabled=true, browserName=chrome, takesScreenshot=true, javascriptEnabled=true, platformName=XP, setWindowRect=true, unexpectedAlertBehaviour=, applicationCacheEnabled=false, rotatable=false, networkConnectionEnabled=false, chrome={chromedriverVersion=2.34.522940 (1a76f96f66e3ca7b8e57d503b4dd3bccfba87af1), userDataDir=C:\Users\kt-gopal\AppData\Local\Temp\scoped_dir4692_1221}, takesHeapSnapshot=true, pageLoadStrategy=normal, unhandledPromptBehavior=, databaseEnabled=false, handlesAlerts=true, version=64.0.3282.186, browserConnectionEnabled=false, nativeEvents=true, locationContextEnabled=true, cssSelectorsEnabled=true}]
Session ID: f298e75f723f04a2807b902133306af2
	at org.openqa.selenium.support.ui.WebDriverWait.timeoutException(WebDriverWait.java:80)
	at org.openqa.selenium.support.ui.FluentWait.until(FluentWait.java:232)
	at TestBase.TestBase.waitUntilElementClickable(TestBase.java:77)
	at Pages.Reverse_PO_Page.Create_PO_Partial(Reverse_PO_Page.java:421)
	at TestCases.Reverse_PO_Page_Test.To_Verify_Create_RPO_with_Partial_Status(Reverse_PO_Page_Test.java:127)
... Removed 25 stack frames
</div> <!-- stack-trace -->
                </div> <!-- method-content -->
              </div> <!-- method -->
            </div> <!-- main-panel-content rounded-window-bottom -->
          </div> <!-- suite-Suite-class-skipped -->
          <div class="suite-Suite-class-skipped">
            <div class="main-panel-header rounded-window-top">
              <img src="skipped.png"/>
              <span class="class-name">TestCases.Manage_Purchase_Orders_Test</span>
            </div> <!-- main-panel-header rounded-window-top -->
            <div class="main-panel-content rounded-window-bottom">
              <div class="method">
                <div class="method-content">
                  <a name="To_Verify_PO_Partial_Status_AND_LOGs">
                  </a> <!-- To_Verify_PO_Partial_Status_AND_LOGs -->
                  <span class="method-name">To_Verify_PO_Partial_Status_AND_LOGs</span>
                  <div class="stack-trace">java.lang.Throwable: Method Manage_Purchase_Orders_Test.To_Verify_PO_Partial_Status_AND_LOGs()[pri:0, instance:TestCases.Manage_Purchase_Orders_Test@1e397ed7] depends on not successfully finished methods
... Removed 18 stack frames
</div> <!-- stack-trace -->
                </div> <!-- method-content -->
              </div> <!-- method -->
            </div> <!-- main-panel-content rounded-window-bottom -->
          </div> <!-- suite-Suite-class-skipped -->
        </div> <!-- panel Suite -->
        <div panel-name="test-xml-Suite" class="panel">
          <div class="main-panel-header rounded-window-top">
            <span class="header-content">C:\Users\kt-gopal\eclipse-workspace\DSXPROJECT\RegressionSuit1.xml</span>
          </div> <!-- main-panel-header rounded-window-top -->
          <div class="main-panel-content rounded-window-bottom">
            <pre>
&lt;?xml version=&quot;1.0&quot; encoding=&quot;UTF-8&quot;?&gt;
&lt;!DOCTYPE suite SYSTEM &quot;http://testng.org/testng-1.0.dtd&quot;&gt;
&lt;suite guice-stage=&quot;DEVELOPMENT&quot; name=&quot;Suite&quot;&gt;
  &lt;listeners&gt;
    &lt;listener class-name=&quot;Analyzer.MyTransformer&quot;/&gt;
  &lt;/listeners&gt;
  &lt;test thread-count=&quot;5&quot; name=&quot;Test&quot;&gt;
    &lt;classes&gt;
      &lt;class name=&quot;TestCases.Reverse_PO_Page_Test&quot;&gt;
        &lt;methods&gt;
          &lt;include name=&quot;To_Verify_Create_RPO_with_Partial_Status &quot;/&gt;
          &lt;exclude name=&quot;To_Verify_Create_RPO_With_Closed_Status&quot;/&gt;
        &lt;/methods&gt;
      &lt;/class&gt; &lt;!-- TestCases.Reverse_PO_Page_Test --&gt;
      &lt;class name=&quot;TestCases.Manage_Purchase_Orders_Test&quot;&gt;
        &lt;methods&gt;
          &lt;include name=&quot;To_Verify_PO_Partial_Status_AND_LOGs&quot;/&gt;
          &lt;exclude name=&quot;To_Verify_PO_Closed_Status_AND_LOGs&quot;/&gt;
        &lt;/methods&gt;
      &lt;/class&gt; &lt;!-- TestCases.Manage_Purchase_Orders_Test --&gt;
      &lt;class name=&quot;TestCases.Product_Page_Test_For_Reverse_PO_Product&quot;&gt;
        &lt;methods&gt;
          &lt;include name=&quot;To_verify_Part_stock_Logs&quot;/&gt;
        &lt;/methods&gt;
      &lt;/class&gt; &lt;!-- TestCases.Product_Page_Test_For_Reverse_PO_Product --&gt;
    &lt;/classes&gt;
  &lt;/test&gt; &lt;!-- Test --&gt;
&lt;/suite&gt; &lt;!-- Suite --&gt;
            </pre>
          </div> <!-- main-panel-content rounded-window-bottom -->
        </div> <!-- panel -->
        <div panel-name="testlist-Suite" class="panel">
          <div class="main-panel-header rounded-window-top">
            <span class="header-content">Tests for Suite</span>
          </div> <!-- main-panel-header rounded-window-top -->
          <div class="main-panel-content rounded-window-bottom">
            <ul>
              <li>
                <span class="test-name">Test (3 classes)</span>
              </li>
            </ul>
          </div> <!-- main-panel-content rounded-window-bottom -->
        </div> <!-- panel -->
        <div panel-name="group-Suite" class="panel">
          <div class="main-panel-header rounded-window-top">
            <span class="header-content">Groups for Suite</span>
          </div> <!-- main-panel-header rounded-window-top -->
          <div class="main-panel-content rounded-window-bottom">
          </div> <!-- main-panel-content rounded-window-bottom -->
        </div> <!-- panel -->
        <div panel-name="times-Suite" class="panel">
          <div class="main-panel-header rounded-window-top">
            <span class="header-content">Times for Suite</span>
          </div> <!-- main-panel-header rounded-window-top -->
          <div class="main-panel-content rounded-window-bottom">
            <div class="times-div">
              <script type="text/javascript">
suiteTableInitFunctions.push('tableData_Suite');
function tableData_Suite() {
var data = new google.visualization.DataTable();
data.addColumn('number', 'Number');
data.addColumn('string', 'Method');
data.addColumn('string', 'Class');
data.addColumn('number', 'Time (ms)');
data.addRows(5);
data.setCell(0, 0, 0)
data.setCell(0, 1, 'To_Verify_Create_RPO_with_Partial_Status')
data.setCell(0, 2, 'TestCases.Reverse_PO_Page_Test')
data.setCell(0, 3, 82582);
data.setCell(1, 0, 1)
data.setCell(1, 1, 'To_Verify_Create_RPO_with_Partial_Status')
data.setCell(1, 2, 'TestCases.Reverse_PO_Page_Test')
data.setCell(1, 3, 79076);
data.setCell(2, 0, 2)
data.setCell(2, 1, 'To_Verify_Create_RPO_with_Partial_Status')
data.setCell(2, 2, 'TestCases.Reverse_PO_Page_Test')
data.setCell(2, 3, 77889);
data.setCell(3, 0, 3)
data.setCell(3, 1, 'To_verify_Part_stock_Logs')
data.setCell(3, 2, 'TestCases.Product_Page_Test_For_Reverse_PO_Product')
data.setCell(3, 3, 0);
data.setCell(4, 0, 4)
data.setCell(4, 1, 'To_Verify_PO_Partial_Status_AND_LOGs')
data.setCell(4, 2, 'TestCases.Manage_Purchase_Orders_Test')
data.setCell(4, 3, 0);
window.suiteTableData['Suite']= { tableData: data, tableDiv: 'times-div-Suite'}
return data;
}
              </script>
              <span class="suite-total-time">Total running time: 3 minutes</span>
              <div id="times-div-Suite">
              </div> <!-- times-div-Suite -->
            </div> <!-- times-div -->
          </div> <!-- main-panel-content rounded-window-bottom -->
        </div> <!-- panel -->
        <div panel-name="reporter-Suite" class="panel">
          <div class="main-panel-header rounded-window-top">
            <span class="header-content">Reporter output for Suite</span>
          </div> <!-- main-panel-header rounded-window-top -->
          <div class="main-panel-content rounded-window-bottom">
          </div> <!-- main-panel-content rounded-window-bottom -->
        </div> <!-- panel -->
        <div panel-name="ignored-methods-Suite" class="panel">
          <div class="main-panel-header rounded-window-top">
            <span class="header-content">3 ignored methods</span>
          </div> <!-- main-panel-header rounded-window-top -->
          <div class="main-panel-content rounded-window-bottom">
            <div class="ignored-class-div">
              <span class="ignored-class-name">TestCases.Reverse_PO_Page_Test</span>
              <div class="ignored-methods-div">
                <span class="ignored-method-name">To_Verify_Change_Vendor_AND_PARTDOEST_EXIT</span>
                <br/>
                <span class="ignored-method-name">To_Verify_Create_RPO_With_Closed_Status</span>
                <br/>
              </div> <!-- ignored-methods-div -->
            </div> <!-- ignored-class-div -->
            <div class="ignored-class-div">
              <span class="ignored-class-name">TestCases.Manage_Purchase_Orders_Test</span>
              <div class="ignored-methods-div">
                <span class="ignored-method-name">To_Verify_PO_Closed_Status_AND_LOGs</span>
                <br/>
              </div> <!-- ignored-methods-div -->
            </div> <!-- ignored-class-div -->
          </div> <!-- main-panel-content rounded-window-bottom -->
        </div> <!-- panel -->
        <div panel-name="chronological-Suite" class="panel">
          <div class="main-panel-header rounded-window-top">
            <span class="header-content">Methods in chronological order</span>
          </div> <!-- main-panel-header rounded-window-top -->
          <div class="main-panel-content rounded-window-bottom">
            <div class="chronological-class">
              <div class="chronological-class-name">TestCases.Product_Page_Test_For_Reverse_PO_Product</div> <!-- chronological-class-name -->
              <div class="configuration-test before">
                <span class="method-name">setExtent</span>
                <span class="method-start">0 ms</span>
              </div> <!-- configuration-test before -->
            </div> <!-- chronological-class -->
            <div class="chronological-class">
              <div class="chronological-class-name">TestCases.Reverse_PO_Page_Test</div> <!-- chronological-class-name -->
              <div class="configuration-test before">
                <span class="method-name">setExtent</span>
                <span class="method-start">636 ms</span>
              </div> <!-- configuration-test before -->
              <div class="configuration-method before">
                <span class="method-name">setup</span>
                <span class="method-start">2106 ms</span>
              </div> <!-- configuration-method before -->
              <div class="test-method">
                <span class="method-name">To_Verify_Create_RPO_with_Partial_Status(5, 3, DS3589, DS3588, DS3587, DS3586, DS3585, DS3584, DS3513, s5687, s5688, s5689, s5690, s5691)</span>
                <span class="method-start">34586 ms</span>
              </div> <!-- test-method -->
              <div class="configuration-method after">
                <span class="method-name">Closebrowser([TestResult name=To_Verify_Create_RPO_with_Partial_Status status=SKIP method=Reverse_PO_Page_Test.To...)</span>
                <span class="method-start">117203 ms</span>
              </div> <!-- configuration-method after -->
              <div class="configuration-method before">
                <span class="method-name">setup</span>
                <span class="method-start">118812 ms</span>
              </div> <!-- configuration-method before -->
              <div class="test-method">
                <span class="method-name">To_Verify_Create_RPO_with_Partial_Status(5, 3, DS3589, DS3588, DS3587, DS3586, DS3585, DS3584, DS3513, s5687, s5688, s5689, s5690, s5691)</span>
                <span class="method-start">138997 ms</span>
              </div> <!-- test-method -->
              <div class="configuration-method after">
                <span class="method-name">Closebrowser([TestResult name=To_Verify_Create_RPO_with_Partial_Status status=SKIP method=Reverse_PO_Page_Test.To...)</span>
                <span class="method-start">218082 ms</span>
              </div> <!-- configuration-method after -->
              <div class="configuration-method before">
                <span class="method-name">setup</span>
                <span class="method-start">219493 ms</span>
              </div> <!-- configuration-method before -->
              <div class="test-method">
                <img src="failed.png">
                </img>
                <span class="method-name">To_Verify_Create_RPO_with_Partial_Status(5, 3, DS3589, DS3588, DS3587, DS3586, DS3585, DS3584, DS3513, s5687, s5688, s5689, s5690, s5691)</span>
                <span class="method-start">237666 ms</span>
              </div> <!-- test-method -->
              <div class="configuration-method after">
                <span class="method-name">Closebrowser([TestResult name=To_Verify_Create_RPO_with_Partial_Status status=FAILURE method=Reverse_PO_Page_Test...)</span>
                <span class="method-start">315563 ms</span>
              </div> <!-- configuration-method after -->
            </div> <!-- chronological-class -->
            <div class="chronological-class">
              <div class="chronological-class-name">TestCases.Product_Page_Test_For_Reverse_PO_Product</div> <!-- chronological-class-name -->
              <div class="configuration-test after">
                <span class="method-name">endReport</span>
                <span class="method-start">317262 ms</span>
              </div> <!-- configuration-test after -->
            </div> <!-- chronological-class -->
            <div class="chronological-class">
              <div class="chronological-class-name">TestCases.Reverse_PO_Page_Test</div> <!-- chronological-class-name -->
              <div class="configuration-test after">
                <span class="method-name">endReport</span>
                <span class="method-start">318258 ms</span>
              </div> <!-- configuration-test after -->
          </div> <!-- main-panel-content rounded-window-bottom -->
        </div> <!-- panel -->
      </div> <!-- main-panel-root -->
    </div> <!-- wrapper -->
  </body>
</html>
